Arguments: 
  /Users/sid/.nvm/versions/node/v10.18.1/bin/node /usr/local/Cellar/yarn/1.22.0/libexec/bin/yarn.js watch

PATH: 
  /Users/sid/.nvm/versions/node/v10.18.1/bin:/Users/sid/.cargo/bin:/usr/local/opt/mysql@5.7/bin:/Users/sid/.cargo/bin:/usr/local/bin:/usr/bin:/bin:/usr/sbin:/sbin:/Library/Apple/usr/bin:/Users/sid/Library/Android/sdk/emulator:/Users/sid/Library/Android/sdk/tools:/Users/sid/Library/Android/sdk/tools/bin:/Users/sid/Library/Android/sdk/platform-tools:/usr/local/bin:/Users/sid/.go/bin:/usr/local/opt/go/libexec/bin:/Users/sid/code/mobile/flutter/bin

Yarn version: 
  1.22.0

Node version: 
  10.18.1

Platform: 
  darwin x64

Trace: 
  SyntaxError: /Users/sid/code/rust/arihant-inventory/client/package.json: Unexpected string in JSON at position 153
      at JSON.parse (<anonymous>)
      at /usr/local/Cellar/yarn/1.22.0/libexec/lib/cli.js:1625:59
      at Generator.next (<anonymous>)
      at step (/usr/local/Cellar/yarn/1.22.0/libexec/lib/cli.js:310:30)
      at /usr/local/Cellar/yarn/1.22.0/libexec/lib/cli.js:321:13

npm manifest: 
  {
    "name": "client",
    "version": "1.0.0",
    "description": "",
    "main": "index.js",
    "scripts": {
      "build": "npx parcel build src/index.html"
      "watch":"npx parcel src/index.html"
    },
    "author": "",
    "license": "ISC",
    "devDependencies": {
      "parcel-bundler": "^1.12.4",
      "parcel-plugin-inliner": "^1.0.14"
    }
  }

yarn manifest: 
  No manifest

Lockfile: 
  No lockfile
